Copyright 1986-2022 Xilinx, Inc. All Rights Reserved.
----------------------------------------------------------------------------------------------------------------------------------------------------------------------
| Tool Version     : Vivado v.2022.1 (lin64) Build 3526262 Mon Apr 18 15:47:01 MDT 2022
| Date             : Thu Dec  7 03:11:37 2023
| Host             : ubuntu2004 running 64-bit Ubuntu 20.04.4 LTS
| Command          : report_power -file design_1_wrapper_power_routed.rpt -pb design_1_wrapper_power_summary_routed.pb -rpx design_1_wrapper_power_routed.rpx
| Design           : design_1_wrapper
| Device           : xc7z020clg400-1
| Design State     : routed
| Grade            : commercial
| Process          : typical
| Characterization : Production
----------------------------------------------------------------------------------------------------------------------------------------------------------------------

Power Report

Table of Contents
-----------------
1. Summary
1.1 On-Chip Components
1.2 Power Supply Summary
1.3 Confidence Level
2. Settings
2.1 Environment
2.2 Clock Constraints
3. Detailed Reports
3.1 By Hierarchy

1. Summary
----------

+--------------------------+--------------+
| Total On-Chip Power (W)  | 1.471        |
| Design Power Budget (W)  | Unspecified* |
| Power Budget Margin (W)  | NA           |
| Dynamic (W)              | 1.329        |
| Device Static (W)        | 0.142        |
| Effective TJA (C/W)      | 11.5         |
| Max Ambient (C)          | 68.0         |
| Junction Temperature (C) | 42.0         |
| Confidence Level         | Medium       |
| Setting File             | ---          |
| Simulation Activity File | ---          |
| Design Nets Matched      | NA           |
+--------------------------+--------------+
* Specify Design Power Budget using, set_operating_conditions -design_power_budget <value in Watts>


1.1 On-Chip Components
----------------------

+--------------------------+-----------+----------+-----------+-----------------+
| On-Chip                  | Power (W) | Used     | Available | Utilization (%) |
+--------------------------+-----------+----------+-----------+-----------------+
| Clocks                   |     0.010 |        3 |       --- |             --- |
| Slice Logic              |     0.007 |    14891 |       --- |             --- |
|   LUT as Logic           |     0.006 |     6050 |     53200 |           11.37 |
|   Register               |    <0.001 |     6269 |    106400 |            5.89 |
|   CARRY4                 |    <0.001 |      243 |     13300 |            1.83 |
|   F7/F8 Muxes            |    <0.001 |      217 |     53200 |            0.41 |
|   LUT as Shift Register  |    <0.001 |      170 |     17400 |            0.98 |
|   BUFG                   |    <0.001 |        4 |        32 |           12.50 |
|   LUT as Distributed RAM |    <0.001 |       18 |     17400 |            0.10 |
|   Others                 |     0.000 |      387 |       --- |             --- |
| Signals                  |     0.009 |    11946 |       --- |             --- |
| Block RAM                |     0.045 |       70 |       140 |           50.00 |
| PS7                      |     1.258 |        1 |       --- |             --- |
| Static Power             |     0.142 |          |           |                 |
| Total                    |     1.471 |          |           |                 |
+--------------------------+-----------+----------+-----------+-----------------+


1.2 Power Supply Summary
------------------------

+-----------+-------------+-----------+-------------+------------+-------------+-------------+------------+
| Source    | Voltage (V) | Total (A) | Dynamic (A) | Static (A) | Powerup (A) | Budget (A)  | Margin (A) |
+-----------+-------------+-----------+-------------+------------+-------------+-------------+------------+
| Vccint    |       1.000 |     0.083 |       0.067 |      0.016 |       NA    | Unspecified | NA         |
| Vccaux    |       1.800 |     0.014 |       0.000 |      0.014 |       NA    | Unspecified | NA         |
| Vcco33    |       3.300 |     0.000 |       0.000 |      0.000 |       NA    | Unspecified | NA         |
| Vcco25    |       2.500 |     0.000 |       0.000 |      0.000 |       NA    | Unspecified | NA         |
| Vcco18    |       1.800 |     0.000 |       0.000 |      0.000 |       NA    | Unspecified | NA         |
| Vcco15    |       1.500 |     0.000 |       0.000 |      0.000 |       NA    | Unspecified | NA         |
| Vcco135   |       1.350 |     0.000 |       0.000 |      0.000 |       NA    | Unspecified | NA         |
| Vcco12    |       1.200 |     0.000 |       0.000 |      0.000 |       NA    | Unspecified | NA         |
| Vccaux_io |       1.800 |     0.000 |       0.000 |      0.000 |       NA    | Unspecified | NA         |
| Vccbram   |       1.000 |     0.009 |       0.004 |      0.005 |       NA    | Unspecified | NA         |
| MGTAVcc   |       1.000 |     0.000 |       0.000 |      0.000 |       NA    | Unspecified | NA         |
| MGTAVtt   |       1.200 |     0.000 |       0.000 |      0.000 |       NA    | Unspecified | NA         |
| MGTVccaux |       1.800 |     0.000 |       0.000 |      0.000 |       NA    | Unspecified | NA         |
| Vccpint   |       1.000 |     0.677 |       0.649 |      0.028 |       NA    | Unspecified | NA         |
| Vccpaux   |       1.800 |     0.036 |       0.026 |      0.010 |       NA    | Unspecified | NA         |
| Vccpll    |       1.800 |     0.017 |       0.014 |      0.003 |       NA    | Unspecified | NA         |
| Vcco_ddr  |       1.500 |     0.354 |       0.352 |      0.002 |       NA    | Unspecified | NA         |
| Vcco_mio0 |       3.300 |     0.003 |       0.002 |      0.001 |       NA    | Unspecified | NA         |
| Vcco_mio1 |       1.800 |     0.003 |       0.002 |      0.001 |       NA    | Unspecified | NA         |
| Vccadc    |       1.800 |     0.020 |       0.000 |      0.020 |       NA    | Unspecified | NA         |
+-----------+-------------+-----------+-------------+------------+-------------+-------------+------------+


1.3 Confidence Level
--------------------

+-----------------------------+------------+-------------------------------------------------------+--------------------------------------------------------------------------------------------------------------------+
| User Input Data             | Confidence | Details                                               | Action                                                                                                             |
+-----------------------------+------------+-------------------------------------------------------+--------------------------------------------------------------------------------------------------------------------+
| Design implementation state | High       | Design is routed                                      |                                                                                                                    |
| Clock nodes activity        | Medium     | More than 5% of clocks are missing user specification | Provide missing clock activity with a constraint file, simulation results or by editing the "By Clock Domain" view |
| I/O nodes activity          | High       | User specified more than 95% of inputs                |                                                                                                                    |
| Internal nodes activity     | Medium     | User specified less than 25% of internal nodes        | Provide missing internal nodes activity with simulation results or by editing the "By Resource Type" views         |
| Device models               | High       | Device models are Production                          |                                                                                                                    |
|                             |            |                                                       |                                                                                                                    |
| Overall confidence level    | Medium     |                                                       |                                                                                                                    |
+-----------------------------+------------+-------------------------------------------------------+--------------------------------------------------------------------------------------------------------------------+


2. Settings
-----------

2.1 Environment
---------------

+-----------------------+------------------------+
| Ambient Temp (C)      | 25.0                   |
| ThetaJA (C/W)         | 11.5                   |
| Airflow (LFM)         | 250                    |
| Heat Sink             | none                   |
| ThetaSA (C/W)         | 0.0                    |
| Board Selection       | medium (10"x10")       |
| # of Board Layers     | 8to11 (8 to 11 Layers) |
| Board Temperature (C) | 25.0                   |
+-----------------------+------------------------+


2.2 Clock Constraints
---------------------

+------------+-------------------------------------------------------------+-----------------+
| Clock      | Domain                                                      | Constraint (ns) |
+------------+-------------------------------------------------------------+-----------------+
| clk_fpga_0 | design_1_i/processing_system7_0/inst/FCLK_CLK_unbuffered[0] |            25.0 |
+------------+-------------------------------------------------------------+-----------------+


3. Detailed Reports
-------------------

3.1 By Hierarchy
----------------

+--------------------------+-----------+
| Name                     | Power (W) |
+--------------------------+-----------+
| design_1_wrapper         |     1.329 |
|   design_1_i             |     1.329 |
|     axi_mem_intercon     |     0.001 |
|       s00_couplers       |     0.001 |
|     caravel_0            |     0.062 |
|       inst               |     0.062 |
|     processing_system7_0 |     1.259 |
|       inst               |     1.259 |
|     ps7_0_axi_periph     |     0.002 |
|       s00_couplers       |     0.002 |
|     read_romcode_0       |     0.003 |
|       inst               |     0.003 |
+--------------------------+-----------+


