Copyright 1986-2022 Xilinx, Inc. All Rights Reserved.
------------------------------------------------------------------------------------
| Tool Version : Vivado v.2022.1 (lin64) Build 3526262 Mon Apr 18 15:47:01 MDT 2022
| Date         : Mon Jan  1 23:10:19 2024
| Host         : ubuntu2004 running 64-bit Ubuntu 20.04.4 LTS
| Command      : report_timing_summary -file timing_report.log
| Design       : design_1_wrapper
| Device       : 7z020-clg400
| Speed File   : -1  PRODUCTION 1.12 2019-11-22
------------------------------------------------------------------------------------

Timing Summary Report

------------------------------------------------------------------------------------------------
| Timer Settings
| --------------
------------------------------------------------------------------------------------------------

  Enable Multi Corner Analysis               :  Yes
  Enable Pessimism Removal                   :  Yes
  Pessimism Removal Resolution               :  Nearest Common Node
  Enable Input Delay Default Clock           :  No
  Enable Preset / Clear Arcs                 :  No
  Disable Flight Delays                      :  No
  Ignore I/O Paths                           :  No
  Timing Early Launch at Borrowing Latches   :  No
  Borrow Time for Max Delay Exceptions       :  Yes
  Merge Timing Exceptions                    :  Yes

  Corner  Analyze    Analyze    
  Name    Max Paths  Min Paths  
  ------  ---------  ---------  
  Slow    Yes        Yes        
  Fast    Yes        Yes        


------------------------------------------------------------------------------------------------
| Report Methodology
| ------------------
------------------------------------------------------------------------------------------------

No report available as report_methodology has not been run prior. Run report_methodology on the current design for the summary of methodology violations.



check_timing report

Table of Contents
-----------------
1. checking no_clock (2782)
2. checking constant_clock (0)
3. checking pulse_width_clock (0)
4. checking unconstrained_internal_endpoints (2871)
5. checking no_input_delay (0)
6. checking no_output_delay (0)
7. checking multiple_clock (0)
8. checking generated_clocks (0)
9. checking loops (0)
10. checking partial_input_delay (0)
11. checking partial_output_delay (0)
12. checking latch_loops (0)

1. checking no_clock (2782)
---------------------------
 There are 310 register/latch pins with no clock driven by root clock pin: design_1_i/caravel_0/inst/housekeeping/serial_bb_clock_reg/Q (HIGH)

 There are 500 register/latch pins with no clock driven by root clock pin: design_1_i/caravel_0/inst/housekeeping/serial_bb_enable_reg/Q (HIGH)

 There are 190 register/latch pins with no clock driven by root clock pin: design_1_i/caravel_0/inst/housekeeping/serial_bb_load_reg/Q (HIGH)

 There are 310 register/latch pins with no clock driven by root clock pin: design_1_i/caravel_0/inst/housekeeping/serial_clock_pre_reg/Q (HIGH)

 There are 190 register/latch pins with no clock driven by root clock pin: design_1_i/caravel_0/inst/housekeeping/serial_load_pre_reg/Q (HIGH)

 There are 615 register/latch pins with no clock driven by root clock pin: design_1_i/caravel_0/inst/housekeeping/wbbd_busy_reg/Q (HIGH)

 There are 615 register/latch pins with no clock driven by root clock pin: design_1_i/caravel_0/inst/housekeeping/wbbd_sck_reg/Q (HIGH)

 There are 52 register/latch pins with no clock driven by root clock pin: design_1_i/caravel_0/inst/soc/core/flash_clk_reg/Q (HIGH)


2. checking constant_clock (0)
------------------------------
 There are 0 register/latch pins with constant_clock.


3. checking pulse_width_clock (0)
---------------------------------
 There are 0 register/latch pins which need pulse_width check


4. checking unconstrained_internal_endpoints (2871)
---------------------------------------------------
 There are 2871 pins that are not constrained for maximum delay. (HIGH)

 There are 0 pins that are not constrained for maximum delay due to constant clock.


5. checking no_input_delay (0)
------------------------------
 There are 0 input ports with no input delay specified.

 There are 0 input ports with no input delay but user has a false path constraint.


6. checking no_output_delay (0)
-------------------------------
 There are 0 ports with no output delay specified.

 There are 0 ports with no output delay but user has a false path constraint

 There are 0 ports with no output delay but with a timing clock defined on it or propagating through it


7. checking multiple_clock (0)
------------------------------
 There are 0 register/latch pins with multiple clocks.


8. checking generated_clocks (0)
--------------------------------
 There are 0 generated clocks that are not connected to a clock source.


9. checking loops (0)
---------------------
 There are 0 combinational loops in the design.


10. checking partial_input_delay (0)
------------------------------------
 There are 0 input ports with partial input delay specified.


11. checking partial_output_delay (0)
-------------------------------------
 There are 0 ports with partial output delay specified.


12. checking latch_loops (0)
----------------------------
 There are 0 combinational latch loops in the design through latch input



------------------------------------------------------------------------------------------------
| Design Timing Summary
| ---------------------
------------------------------------------------------------------------------------------------

    WNS(ns)      TNS(ns)  TNS Failing Endpoints  TNS Total Endpoints      WHS(ns)      THS(ns)  THS Failing Endpoints  THS Total Endpoints     WPWS(ns)     TPWS(ns)  TPWS Failing Endpoints  TPWS Total Endpoints  
    -------      -------  ---------------------  -------------------      -------      -------  ---------------------  -------------------     --------     --------  ----------------------  --------------------  
      6.156        0.000                      0                24441        0.032        0.000                      0                24441       11.250        0.000                       0                  9301  


All user specified timing constraints are met.


------------------------------------------------------------------------------------------------
| Clock Summary
| -------------
------------------------------------------------------------------------------------------------

Clock       Waveform(ns)       Period(ns)      Frequency(MHz)
-----       ------------       ----------      --------------
clk_fpga_0  {0.000 12.500}     25.000          40.000          


------------------------------------------------------------------------------------------------
| Intra Clock Table
| -----------------
------------------------------------------------------------------------------------------------

Clock             WNS(ns)      TNS(ns)  TNS Failing Endpoints  TNS Total Endpoints      WHS(ns)      THS(ns)  THS Failing Endpoints  THS Total Endpoints     WPWS(ns)     TPWS(ns)  TPWS Failing Endpoints  TPWS Total Endpoints  
-----             -------      -------  ---------------------  -------------------      -------      -------  ---------------------  -------------------     --------     --------  ----------------------  --------------------  
clk_fpga_0          9.014        0.000                      0                21003        0.032        0.000                      0                21003       11.250        0.000                       0                  9301  


------------------------------------------------------------------------------------------------
| Inter Clock Table
| -----------------
------------------------------------------------------------------------------------------------

From Clock    To Clock          WNS(ns)      TNS(ns)  TNS Failing Endpoints  TNS Total Endpoints      WHS(ns)      THS(ns)  THS Failing Endpoints  THS Total Endpoints  
----------    --------          -------      -------  ---------------------  -------------------      -------      -------  ---------------------  -------------------  


------------------------------------------------------------------------------------------------
| Other Path Groups Table
| -----------------------
------------------------------------------------------------------------------------------------

Path Group         From Clock         To Clock               WNS(ns)      TNS(ns)  TNS Failing Endpoints  TNS Total Endpoints      WHS(ns)      THS(ns)  THS Failing Endpoints  THS Total Endpoints  
----------         ----------         --------               -------      -------  ---------------------  -------------------      -------      -------  ---------------------  -------------------  
**async_default**  clk_fpga_0         clk_fpga_0               6.156        0.000                      0                 3438        0.656        0.000                      0                 3438  


------------------------------------------------------------------------------------------------
| Timing Details
| --------------
------------------------------------------------------------------------------------------------


---------------------------------------------------------------------------------------------------
From Clock:  clk_fpga_0
  To Clock:  clk_fpga_0

Setup :            0  Failing Endpoints,  Worst Slack        9.014ns,  Total Violation        0.000ns
Hold  :            0  Failing Endpoints,  Worst Slack        0.032ns,  Total Violation        0.000ns
PW    :            0  Failing Endpoints,  Worst Slack       11.250ns,  Total Violation        0.000ns
---------------------------------------------------------------------------------------------------


Max Delay Paths
--------------------------------------------------------------------------------------
Slack (MET) :             9.014ns  (required time - arrival time)
  Source:                 design_1_i/processing_system7_0/inst/PS7_i/FCLKCLK[0]
                            (clock source 'clk_fpga_0'  {rise@0.000ns fall@12.500ns period=25.000ns})
  Destination:            design_1_i/caravel_ps_0/inst/control_s_axi_U/int_ps_mprj_out_reg[15]/D
                            (rising edge-triggered cell FDRE clocked by clk_fpga_0  {rise@0.000ns fall@12.500ns period=25.000ns})
  Path Group:             clk_fpga_0
  Path Type:              Setup (Max at Slow Process Corner)
  Requirement:            12.500ns  (clk_fpga_0 rise@25.000ns - clk_fpga_0 fall@12.500ns)
  Data Path Delay:        5.702ns  (logic 0.342ns (5.998%)  route 5.360ns (94.002%))
  Logic Levels:           3  (BUFG=1 LUT1=1 LUT6=1)
  Clock Path Skew:        2.832ns (DCD - SCD + CPR)
    Destination Clock Delay (DCD):    2.832ns = ( 27.832 - 25.000 ) 
    Source Clock Delay      (SCD):    0.000ns = ( 12.500 - 12.500 ) 
    Clock Pessimism Removal (CPR):    0.000ns
  Clock Uncertainty:      0.377ns  ((TSJ^2 + TIJ^2)^1/2 + DJ) / 2 + PE
    Total System Jitter     (TSJ):    0.071ns
    Total Input Jitter      (TIJ):    0.750ns
    Discrete Jitter          (DJ):    0.000ns
    Phase Error              (PE):    0.000ns

    Location             Delay type                Incr(ns)  Path(ns)    Netlist Resource(s)
  -------------------------------------------------------------------    -------------------
                         (clock clk_fpga_0 fall edge)
                                                     12.500    12.500 f  
    PS7_X0Y0             PS7                          0.000    12.500 f  design_1_i/processing_system7_0/inst/PS7_i/FCLKCLK[0]
                         net (fo=1, routed)           1.193    13.693    design_1_i/processing_system7_0/inst/FCLK_CLK_unbuffered[0]
    BUFGCTRL_X0Y21       BUFG (Prop_bufg_I_O)         0.101    13.794 f  design_1_i/processing_system7_0/inst/buffer_fclk_clk_0.FCLK_CLK_0_BUFG/O
                         net (fo=9071, routed)        2.292    16.086    design_1_i/caravel_0/inst/gpio_control_in_1[7]/clock
    SLICE_X34Y107        LUT6 (Prop_lut6_I3_O)        0.124    16.210 f  design_1_i/caravel_0/inst/gpio_control_in_1[7]/mprj_o[15]_INST_0/O
                         net (fo=1, routed)           0.938    17.148    design_1_i/caravel_0/inst/gpio_control_in_1[7]/mprj_o[0]
    SLICE_X35Y121        LUT1 (Prop_lut1_I0_O)        0.117    17.265 f  design_1_i/caravel_0/inst/gpio_control_in_1[7]/mprj_o[0]_hold_fix/O
                         net (fo=1, routed)           0.937    18.202    design_1_i/caravel_ps_0/inst/control_s_axi_U/mprj_o[0]_hold_fix_1_alias
    SLICE_X34Y107        FDRE                                         f  design_1_i/caravel_ps_0/inst/control_s_axi_U/int_ps_mprj_out_reg[15]/D
  -------------------------------------------------------------------    -------------------

                         (clock clk_fpga_0 rise edge)
                                                     25.000    25.000 r  
    PS7_X0Y0             PS7                          0.000    25.000 r  design_1_i/processing_system7_0/inst/PS7_i/FCLKCLK[0]
                         net (fo=1, routed)           1.088    26.088    design_1_i/processing_system7_0/inst/FCLK_CLK_unbuffered[0]
    BUFGCTRL_X0Y21       BUFG (Prop_bufg_I_O)         0.091    26.179 r  design_1_i/processing_system7_0/inst/buffer_fclk_clk_0.FCLK_CLK_0_BUFG/O
                         net (fo=9071, routed)        1.653    27.832    design_1_i/caravel_ps_0/inst/control_s_axi_U/ap_clk
    SLICE_X34Y107        FDRE                                         r  design_1_i/caravel_ps_0/inst/control_s_axi_U/int_ps_mprj_out_reg[15]/C
                         clock pessimism              0.000    27.832    
                         clock uncertainty           -0.377    27.456    
    SLICE_X34Y107        FDRE (Setup_fdre_C_D)       -0.239    27.217    design_1_i/caravel_ps_0/inst/control_s_axi_U/int_ps_mprj_out_reg[15]
  -------------------------------------------------------------------
                         required time                         27.217    
                         arrival time                         -18.202    
  -------------------------------------------------------------------
                         slack                                  9.014    





Min Delay Paths
--------------------------------------------------------------------------------------
Slack (MET) :             0.032ns  (arrival time - required time)
  Source:                 design_1_i/caravel_0/inst/mprj/inst_fir/sum_r_reg[26]/C
                            (rising edge-triggered cell FDCE clocked by clk_fpga_0  {rise@0.000ns fall@12.500ns period=25.000ns})
  Destination:            design_1_i/caravel_0/inst/mprj/inst_fir/sm_tdata_r_reg[26]/D
                            (rising edge-triggered cell FDCE clocked by clk_fpga_0  {rise@0.000ns fall@12.500ns period=25.000ns})
  Path Group:             clk_fpga_0
  Path Type:              Hold (Min at Fast Process Corner)
  Requirement:            0.000ns  (clk_fpga_0 rise@0.000ns - clk_fpga_0 rise@0.000ns)
  Data Path Delay:        0.365ns  (logic 0.141ns (38.631%)  route 0.224ns (61.369%))
  Logic Levels:           0  
  Clock Path Skew:        0.257ns (DCD - SCD - CPR)
    Destination Clock Delay (DCD):    1.268ns
    Source Clock Delay      (SCD):    0.972ns
    Clock Pessimism Removal (CPR):    0.039ns

    Location             Delay type                Incr(ns)  Path(ns)    Netlist Resource(s)
  -------------------------------------------------------------------    -------------------
                         (clock clk_fpga_0 rise edge)
                                                      0.000     0.000 r  
    PS7_X0Y0             PS7                          0.000     0.000 r  design_1_i/processing_system7_0/inst/PS7_i/FCLKCLK[0]
                         net (fo=1, routed)           0.310     0.310    design_1_i/processing_system7_0/inst/FCLK_CLK_unbuffered[0]
    BUFGCTRL_X0Y21       BUFG (Prop_bufg_I_O)         0.026     0.336 r  design_1_i/processing_system7_0/inst/buffer_fclk_clk_0.FCLK_CLK_0_BUFG/O
                         net (fo=9071, routed)        0.636     0.972    design_1_i/caravel_0/inst/mprj/inst_fir/clock
    SLICE_X48Y108        FDCE                                         r  design_1_i/caravel_0/inst/mprj/inst_fir/sum_r_reg[26]/C
  -------------------------------------------------------------------    -------------------
    SLICE_X48Y108        FDCE (Prop_fdce_C_Q)         0.141     1.113 r  design_1_i/caravel_0/inst/mprj/inst_fir/sum_r_reg[26]/Q
                         net (fo=2, routed)           0.224     1.337    design_1_i/caravel_0/inst/mprj/inst_fir/sum_r_reg[26]
    SLICE_X50Y112        FDCE                                         r  design_1_i/caravel_0/inst/mprj/inst_fir/sm_tdata_r_reg[26]/D
  -------------------------------------------------------------------    -------------------

                         (clock clk_fpga_0 rise edge)
                                                      0.000     0.000 r  
    PS7_X0Y0             PS7                          0.000     0.000 r  design_1_i/processing_system7_0/inst/PS7_i/FCLKCLK[0]
                         net (fo=1, routed)           0.337     0.337    design_1_i/processing_system7_0/inst/FCLK_CLK_unbuffered[0]
    BUFGCTRL_X0Y21       BUFG (Prop_bufg_I_O)         0.029     0.366 r  design_1_i/processing_system7_0/inst/buffer_fclk_clk_0.FCLK_CLK_0_BUFG/O
                         net (fo=9071, routed)        0.902     1.268    design_1_i/caravel_0/inst/mprj/inst_fir/clock
    SLICE_X50Y112        FDCE                                         r  design_1_i/caravel_0/inst/mprj/inst_fir/sm_tdata_r_reg[26]/C
                         clock pessimism             -0.039     1.229    
    SLICE_X50Y112        FDCE (Hold_fdce_C_D)         0.076     1.305    design_1_i/caravel_0/inst/mprj/inst_fir/sm_tdata_r_reg[26]
  -------------------------------------------------------------------
                         required time                         -1.305    
                         arrival time                           1.337    
  -------------------------------------------------------------------
                         slack                                  0.032    





Pulse Width Checks
--------------------------------------------------------------------------------------
Clock Name:         clk_fpga_0
Waveform(ns):       { 0.000 12.500 }
Period(ns):         25.000
Sources:            { design_1_i/processing_system7_0/inst/PS7_i/FCLKCLK[0] }

Check Type        Corner  Lib Pin             Reference Pin  Required(ns)  Actual(ns)  Slack(ns)  Location      Pin
Min Period        n/a     RAMB36E1/CLKARDCLK  n/a            2.944         25.000      22.056     RAMB36_X3Y19  design_1_i/caravel_0/inst/mprj/user_arbiter/user_bram/Bank0/RAM_reg/CLKARDCLK
Low Pulse Width   Slow    RAMD32/CLK          n/a            1.250         12.500      11.250     SLICE_X34Y53  design_1_i/axi_mem_intercon/s00_couplers/auto_pc/inst/gen_axi4_axi3.axi3_conv_inst/USE_READ.USE_SPLIT_R.read_addr_inst/USE_R_CHANNEL.cmd_queue/inst/fifo_gen_inst/inst_fifo_gen/gconvfifo.rf/grf.rf/gntv_or_sync_fifo.mem/gdm.dm_gen.dm/RAM_reg_0_31_0_0/DP/CLK
High Pulse Width  Slow    RAMD32/CLK          n/a            1.250         12.500      11.250     SLICE_X34Y53  design_1_i/axi_mem_intercon/s00_couplers/auto_pc/inst/gen_axi4_axi3.axi3_conv_inst/USE_READ.USE_SPLIT_R.read_addr_inst/USE_R_CHANNEL.cmd_queue/inst/fifo_gen_inst/inst_fifo_gen/gconvfifo.rf/grf.rf/gntv_or_sync_fifo.mem/gdm.dm_gen.dm/RAM_reg_0_31_0_0/DP/CLK



---------------------------------------------------------------------------------------------------
Path Group:  **async_default**
From Clock:  clk_fpga_0
  To Clock:  clk_fpga_0

Setup :            0  Failing Endpoints,  Worst Slack        6.156ns,  Total Violation        0.000ns
Hold  :            0  Failing Endpoints,  Worst Slack        0.656ns,  Total Violation        0.000ns
---------------------------------------------------------------------------------------------------


Max Delay Paths
--------------------------------------------------------------------------------------
Slack (MET) :             6.156ns  (required time - arrival time)
  Source:                 design_1_i/output_pin_0/inst/control_s_axi_U/int_outpin_ctrl_reg[0]/C
                            (rising edge-triggered cell FDRE clocked by clk_fpga_0  {rise@0.000ns fall@12.500ns period=25.000ns})
  Destination:            design_1_i/caravel_0/inst/mprj/user_arbiter/user_bram/iCKe_f_reg/CLR
                            (recovery check against rising-edge clock clk_fpga_0  {rise@0.000ns fall@12.500ns period=25.000ns})
  Path Group:             **async_default**
  Path Type:              Recovery (Max at Slow Process Corner)
  Requirement:            12.500ns  (clk_fpga_0 fall@12.500ns - clk_fpga_0 rise@0.000ns)
  Data Path Delay:        5.388ns  (logic 0.580ns (10.765%)  route 4.808ns (89.235%))
  Logic Levels:           1  (LUT2=1)
  Clock Path Skew:        -0.177ns (DCD - SCD + CPR)
    Destination Clock Delay (DCD):    2.637ns = ( 15.137 - 12.500 ) 
    Source Clock Delay      (SCD):    2.943ns
    Clock Pessimism Removal (CPR):    0.129ns
  Clock Uncertainty:      0.377ns  ((TSJ^2 + TIJ^2)^1/2 + DJ) / 2 + PE
    Total System Jitter     (TSJ):    0.071ns
    Total Input Jitter      (TIJ):    0.750ns
    Discrete Jitter          (DJ):    0.000ns
    Phase Error              (PE):    0.000ns

    Location             Delay type                Incr(ns)  Path(ns)    Netlist Resource(s)
  -------------------------------------------------------------------    -------------------
                         (clock clk_fpga_0 rise edge)
                                                      0.000     0.000 r  
    PS7_X0Y0             PS7                          0.000     0.000 r  design_1_i/processing_system7_0/inst/PS7_i/FCLKCLK[0]
                         net (fo=1, routed)           1.193     1.193    design_1_i/processing_system7_0/inst/FCLK_CLK_unbuffered[0]
    BUFGCTRL_X0Y21       BUFG (Prop_bufg_I_O)         0.101     1.294 r  design_1_i/processing_system7_0/inst/buffer_fclk_clk_0.FCLK_CLK_0_BUFG/O
                         net (fo=9071, routed)        1.649     2.943    design_1_i/output_pin_0/inst/control_s_axi_U/ap_clk
    SLICE_X45Y90         FDRE                                         r  design_1_i/output_pin_0/inst/control_s_axi_U/int_outpin_ctrl_reg[0]/C
  -------------------------------------------------------------------    -------------------
    SLICE_X45Y90         FDRE (Prop_fdre_C_Q)         0.456     3.399 r  design_1_i/output_pin_0/inst/control_s_axi_U/int_outpin_ctrl_reg[0]/Q
                         net (fo=8, routed)           2.083     5.482    design_1_i/caravel_0/inst/soc/resetb
    SLICE_X45Y118        LUT2 (Prop_lut2_I1_O)        0.124     5.606 f  design_1_i/caravel_0/inst/soc/FSM_sequential_state[2]_i_2/O
                         net (fo=3447, routed)        2.725     8.331    design_1_i/caravel_0/inst/mprj/user_arbiter/user_bram/bdi_reg[0][31]_0
    SLICE_X52Y82         FDCE                                         f  design_1_i/caravel_0/inst/mprj/user_arbiter/user_bram/iCKe_f_reg/CLR
  -------------------------------------------------------------------    -------------------

                         (clock clk_fpga_0 fall edge)
                                                     12.500    12.500 f  
    PS7_X0Y0             PS7                          0.000    12.500 f  design_1_i/processing_system7_0/inst/PS7_i/FCLKCLK[0]
                         net (fo=1, routed)           1.088    13.588    design_1_i/processing_system7_0/inst/FCLK_CLK_unbuffered[0]
    BUFGCTRL_X0Y21       BUFG (Prop_bufg_I_O)         0.091    13.679 f  design_1_i/processing_system7_0/inst/buffer_fclk_clk_0.FCLK_CLK_0_BUFG/O
                         net (fo=9071, routed)        1.458    15.137    design_1_i/caravel_0/inst/mprj/user_arbiter/user_bram/clock
    SLICE_X52Y82         FDCE                                         r  design_1_i/caravel_0/inst/mprj/user_arbiter/user_bram/iCKe_f_reg/C  (IS_INVERTED)
                         clock pessimism              0.129    15.266    
                         clock uncertainty           -0.377    14.889    
    SLICE_X52Y82         FDCE (Recov_fdce_C_CLR)     -0.402    14.487    design_1_i/caravel_0/inst/mprj/user_arbiter/user_bram/iCKe_f_reg
  -------------------------------------------------------------------
                         required time                         14.487    
                         arrival time                          -8.331    
  -------------------------------------------------------------------
                         slack                                  6.156    





Min Delay Paths
--------------------------------------------------------------------------------------
Slack (MET) :             0.656ns  (arrival time - required time)
  Source:                 design_1_i/axi_mem_intercon/s00_couplers/auto_pc/inst/gen_axi4_axi3.axi3_conv_inst/USE_READ.USE_SPLIT_R.read_addr_inst/USE_R_CHANNEL.cmd_queue/inst/fifo_gen_inst/inst_fifo_gen/gconvfifo.rf/grf.rf/rstblk/ngwrdrst.grst.g7serrst.gnsckt_wrst.rst_wr_reg2_inst/arststages_ff_reg[1]/C
                            (rising edge-triggered cell FDPE clocked by clk_fpga_0  {rise@0.000ns fall@12.500ns period=25.000ns})
  Destination:            design_1_i/axi_mem_intercon/s00_couplers/auto_pc/inst/gen_axi4_axi3.axi3_conv_inst/USE_READ.USE_SPLIT_R.read_addr_inst/USE_R_CHANNEL.cmd_queue/inst/fifo_gen_inst/inst_fifo_gen/gconvfifo.rf/grf.rf/gntv_or_sync_fifo.gl0.wr/gwss.wsts/ram_full_fb_i_reg/CLR
                            (removal check against rising-edge clock clk_fpga_0  {rise@0.000ns fall@12.500ns period=25.000ns})
  Path Group:             **async_default**
  Path Type:              Removal (Min at Fast Process Corner)
  Requirement:            0.000ns  (clk_fpga_0 rise@0.000ns - clk_fpga_0 rise@0.000ns)
  Data Path Delay:        0.605ns  (logic 0.246ns (40.688%)  route 0.359ns (59.312%))
  Logic Levels:           1  (LUT3=1)
  Clock Path Skew:        0.016ns (DCD - SCD - CPR)
    Destination Clock Delay (DCD):    1.191ns
    Source Clock Delay      (SCD):    0.893ns
    Clock Pessimism Removal (CPR):    0.282ns

    Location             Delay type                Incr(ns)  Path(ns)    Netlist Resource(s)
  -------------------------------------------------------------------    -------------------
                         (clock clk_fpga_0 rise edge)
                                                      0.000     0.000 r  
    PS7_X0Y0             PS7                          0.000     0.000 r  design_1_i/processing_system7_0/inst/PS7_i/FCLKCLK[0]
                         net (fo=1, routed)           0.310     0.310    design_1_i/processing_system7_0/inst/FCLK_CLK_unbuffered[0]
    BUFGCTRL_X0Y21       BUFG (Prop_bufg_I_O)         0.026     0.336 r  design_1_i/processing_system7_0/inst/buffer_fclk_clk_0.FCLK_CLK_0_BUFG/O
                         net (fo=9071, routed)        0.557     0.893    design_1_i/axi_mem_intercon/s00_couplers/auto_pc/inst/gen_axi4_axi3.axi3_conv_inst/USE_READ.USE_SPLIT_R.read_addr_inst/USE_R_CHANNEL.cmd_queue/inst/fifo_gen_inst/inst_fifo_gen/gconvfifo.rf/grf.rf/rstblk/ngwrdrst.grst.g7serrst.gnsckt_wrst.rst_wr_reg2_inst/dest_clk
    SLICE_X36Y51         FDPE                                         r  design_1_i/axi_mem_intercon/s00_couplers/auto_pc/inst/gen_axi4_axi3.axi3_conv_inst/USE_READ.USE_SPLIT_R.read_addr_inst/USE_R_CHANNEL.cmd_queue/inst/fifo_gen_inst/inst_fifo_gen/gconvfifo.rf/grf.rf/rstblk/ngwrdrst.grst.g7serrst.gnsckt_wrst.rst_wr_reg2_inst/arststages_ff_reg[1]/C
  -------------------------------------------------------------------    -------------------
    SLICE_X36Y51         FDPE (Prop_fdpe_C_Q)         0.148     1.041 f  design_1_i/axi_mem_intercon/s00_couplers/auto_pc/inst/gen_axi4_axi3.axi3_conv_inst/USE_READ.USE_SPLIT_R.read_addr_inst/USE_R_CHANNEL.cmd_queue/inst/fifo_gen_inst/inst_fifo_gen/gconvfifo.rf/grf.rf/rstblk/ngwrdrst.grst.g7serrst.gnsckt_wrst.rst_wr_reg2_inst/arststages_ff_reg[1]/Q
                         net (fo=2, routed)           0.122     1.163    design_1_i/axi_mem_intercon/s00_couplers/auto_pc/inst/gen_axi4_axi3.axi3_conv_inst/USE_READ.USE_SPLIT_R.read_addr_inst/USE_R_CHANNEL.cmd_queue/inst/fifo_gen_inst/inst_fifo_gen/gconvfifo.rf/grf.rf/rstblk/ngwrdrst.rst_wr_reg2
    SLICE_X36Y50         LUT3 (Prop_lut3_I2_O)        0.098     1.261 f  design_1_i/axi_mem_intercon/s00_couplers/auto_pc/inst/gen_axi4_axi3.axi3_conv_inst/USE_READ.USE_SPLIT_R.read_addr_inst/USE_R_CHANNEL.cmd_queue/inst/fifo_gen_inst/inst_fifo_gen/gconvfifo.rf/grf.rf/rstblk/gpregsm1.curr_fwft_state[1]_i_2/O
                         net (fo=33, routed)          0.236     1.497    design_1_i/axi_mem_intercon/s00_couplers/auto_pc/inst/gen_axi4_axi3.axi3_conv_inst/USE_READ.USE_SPLIT_R.read_addr_inst/USE_R_CHANNEL.cmd_queue/inst/fifo_gen_inst/inst_fifo_gen/gconvfifo.rf/grf.rf/gntv_or_sync_fifo.gl0.wr/gwss.wsts/ram_full_i_reg_0
    SLICE_X36Y52         FDCE                                         f  design_1_i/axi_mem_intercon/s00_couplers/auto_pc/inst/gen_axi4_axi3.axi3_conv_inst/USE_READ.USE_SPLIT_R.read_addr_inst/USE_R_CHANNEL.cmd_queue/inst/fifo_gen_inst/inst_fifo_gen/gconvfifo.rf/grf.rf/gntv_or_sync_fifo.gl0.wr/gwss.wsts/ram_full_fb_i_reg/CLR
  -------------------------------------------------------------------    -------------------

                         (clock clk_fpga_0 rise edge)
                                                      0.000     0.000 r  
    PS7_X0Y0             PS7                          0.000     0.000 r  design_1_i/processing_system7_0/inst/PS7_i/FCLKCLK[0]
                         net (fo=1, routed)           0.337     0.337    design_1_i/processing_system7_0/inst/FCLK_CLK_unbuffered[0]
    BUFGCTRL_X0Y21       BUFG (Prop_bufg_I_O)         0.029     0.366 r  design_1_i/processing_system7_0/inst/buffer_fclk_clk_0.FCLK_CLK_0_BUFG/O
                         net (fo=9071, routed)        0.825     1.191    design_1_i/axi_mem_intercon/s00_couplers/auto_pc/inst/gen_axi4_axi3.axi3_conv_inst/USE_READ.USE_SPLIT_R.read_addr_inst/USE_R_CHANNEL.cmd_queue/inst/fifo_gen_inst/inst_fifo_gen/gconvfifo.rf/grf.rf/gntv_or_sync_fifo.gl0.wr/gwss.wsts/clk
    SLICE_X36Y52         FDCE                                         r  design_1_i/axi_mem_intercon/s00_couplers/auto_pc/inst/gen_axi4_axi3.axi3_conv_inst/USE_READ.USE_SPLIT_R.read_addr_inst/USE_R_CHANNEL.cmd_queue/inst/fifo_gen_inst/inst_fifo_gen/gconvfifo.rf/grf.rf/gntv_or_sync_fifo.gl0.wr/gwss.wsts/ram_full_fb_i_reg/C
                         clock pessimism             -0.282     0.909    
    SLICE_X36Y52         FDCE (Remov_fdce_C_CLR)     -0.067     0.842    design_1_i/axi_mem_intercon/s00_couplers/auto_pc/inst/gen_axi4_axi3.axi3_conv_inst/USE_READ.USE_SPLIT_R.read_addr_inst/USE_R_CHANNEL.cmd_queue/inst/fifo_gen_inst/inst_fifo_gen/gconvfifo.rf/grf.rf/gntv_or_sync_fifo.gl0.wr/gwss.wsts/ram_full_fb_i_reg
  -------------------------------------------------------------------
                         required time                         -0.842    
                         arrival time                           1.497    
  -------------------------------------------------------------------
                         slack                                  0.656    





